# JRE version: Java(TM) SE Runtime Environment (8.0_131-b11) (build 1.8.0_131-b11)
# Java VM: Java HotSpot(TM) 64-Bit Server VM (25.131-b11 mixed mode windows-amd64 compressed oops)
Heap:
 PSYoungGen      total 13824K, used 4229K [0x00000000eb200000, 0x00000000ec580000, 0x0000000100000000)
  eden space 8704K, 5% used [0x00000000eb200000,0x00000000eb281570,0x00000000eba80000)
  from space 5120K, 72% used [0x00000000eba80000,0x00000000ebe20030,0x00000000ebf80000)
  to   space 5120K, 0% used [0x00000000ec080000,0x00000000ec080000,0x00000000ec580000)
 ParOldGen       total 16896K, used 9183K [0x00000000c1600000, 0x00000000c2680000, 0x00000000eb200000)
  object space 16896K, 54% used [0x00000000c1600000,0x00000000c1ef7e58,0x00000000c2680000)
 Metaspace       used 10107K, capacity 10496K, committed 10624K, reserved 1058816K
  class space    used 1092K, capacity 1140K, committed 1152K, reserved 1048576K
GC Heap History (10 events):
Event: 8.363 GC heap before
{Heap before GC invocations=16 (full 2):
 PSYoungGen      total 9728K, used 7232K [0x00000000eb200000, 0x00000000ec000000, 0x0000000100000000)
  eden space 6144K, 100% used [0x00000000eb200000,0x00000000eb800000,0x00000000eb800000)
  from space 3584K, 30% used [0x00000000eb800000,0x00000000eb910000,0x00000000ebb80000)
  to   space 3584K, 0% used [0x00000000ebc80000,0x00000000ebc80000,0x00000000ec000000)
 ParOldGen       total 16896K, used 9143K [0x00000000c1600000, 0x00000000c2680000, 0x00000000eb200000)
  object space 16896K, 54% used [0x00000000c1600000,0x00000000c1eede58,0x00000000c2680000)
 Metaspace       used 9135K, capacity 9632K, committed 9856K, reserved 1058816K
  class space    used 1046K, capacity 1108K, committed 1152K, reserved 1048576K
Event: 8.368 GC heap after
Heap after GC invocations=16 (full 2):
 PSYoungGen      total 10752K, used 2210K [0x00000000eb200000, 0x00000000ec000000, 0x0000000100000000)
  eden space 7168K, 0% used [0x00000000eb200000,0x00000000eb200000,0x00000000eb900000)
  from space 3584K, 61% used [0x00000000ebc80000,0x00000000ebea8b18,0x00000000ec000000)
  to   space 3584K, 0% used [0x00000000eb900000,0x00000000eb900000,0x00000000ebc80000)
 ParOldGen       total 16896K, used 9151K [0x00000000c1600000, 0x00000000c2680000, 0x00000000eb200000)
  object space 16896K, 54% used [0x00000000c1600000,0x00000000c1eefe58,0x00000000c2680000)
 Metaspace       used 9135K, capacity 9632K, committed 9856K, reserved 1058816K
  class space    used 1046K, capacity 1108K, committed 1152K, reserved 1048576K
}
Event: 8.972 GC heap before
{Heap before GC invocations=17 (full 2):
 PSYoungGen      total 10752K, used 9378K [0x00000000eb200000, 0x00000000ec000000, 0x0000000100000000)
  eden space 7168K, 100% used [0x00000000eb200000,0x00000000eb900000,0x00000000eb900000)
  from space 3584K, 61% used [0x00000000ebc80000,0x00000000ebea8b18,0x00000000ec000000)
  to   space 3584K, 0% used [0x00000000eb900000,0x00000000eb900000,0x00000000ebc80000)
 ParOldGen       total 16896K, used 9151K [0x00000000c1600000, 0x00000000c2680000, 0x00000000eb200000)
  object space 16896K, 54% used [0x00000000c1600000,0x00000000c1eefe58,0x00000000c2680000)
 Metaspace       used 9578K, capacity 10016K, committed 10112K, reserved 1058816K
  class space    used 1056K, capacity 1108K, committed 1152K, reserved 1048576K
Event: 8.976 GC heap after
Heap after GC invocations=17 (full 2):
 PSYoungGen      total 10752K, used 2864K [0x00000000eb200000, 0x00000000ec200000, 0x0000000100000000)
  eden space 7168K, 0% used [0x00000000eb200000,0x00000000eb200000,0x00000000eb900000)
  from space 3584K, 79% used [0x00000000eb900000,0x00000000ebbcc020,0x00000000ebc80000)
  to   space 4096K, 0% used [0x00000000ebe00000,0x00000000ebe00000,0x00000000ec200000)
 ParOldGen       total 16896K, used 9159K [0x00000000c1600000, 0x00000000c2680000, 0x00000000eb200000)
  object space 16896K, 54% used [0x00000000c1600000,0x00000000c1ef1e58,0x00000000c2680000)
 Metaspace       used 9578K, capacity 10016K, committed 10112K, reserved 1058816K
  class space    used 1056K, capacity 1108K, committed 1152K, reserved 1048576K
}
Event: 9.315 GC heap before
{Heap before GC invocations=18 (full 2):
 PSYoungGen      total 10752K, used 10032K [0x00000000eb200000, 0x00000000ec200000, 0x0000000100000000)
  eden space 7168K, 100% used [0x00000000eb200000,0x00000000eb900000,0x00000000eb900000)
  from space 3584K, 79% used [0x00000000eb900000,0x00000000ebbcc020,0x00000000ebc80000)
  to   space 4096K, 0% used [0x00000000ebe00000,0x00000000ebe00000,0x00000000ec200000)
 ParOldGen       total 16896K, used 9159K [0x00000000c1600000, 0x00000000c2680000, 0x00000000eb200000)
  object space 16896K, 54% used [0x00000000c1600000,0x00000000c1ef1e58,0x00000000c2680000)
 Metaspace       used 9740K, capacity 10144K, committed 10368K, reserved 1058816K
  class space    used 1056K, capacity 1108K, committed 1152K, reserved 1048576K
Event: 9.323 GC heap after
Heap after GC invocations=18 (full 2):
 PSYoungGen      total 12288K, used 3024K [0x00000000eb200000, 0x00000000ec200000, 0x0000000100000000)
  eden space 8192K, 0% used [0x00000000eb200000,0x00000000eb200000,0x00000000eba00000)
  from space 4096K, 73% used [0x00000000ebe00000,0x00000000ec0f4020,0x00000000ec200000)
  to   space 4096K, 0% used [0x00000000eba00000,0x00000000eba00000,0x00000000ebe00000)
 ParOldGen       total 16896K, used 9167K [0x00000000c1600000, 0x00000000c2680000, 0x00000000eb200000)
  object space 16896K, 54% used [0x00000000c1600000,0x00000000c1ef3e58,0x00000000c2680000)
 Metaspace       used 9740K, capacity 10144K, committed 10368K, reserved 1058816K
  class space    used 1056K, capacity 1108K, committed 1152K, reserved 1048576K
}
Event: 9.780 GC heap before
{Heap before GC invocations=19 (full 2):
 PSYoungGen      total 12288K, used 11216K [0x00000000eb200000, 0x00000000ec200000, 0x0000000100000000)
  eden space 8192K, 100% used [0x00000000eb200000,0x00000000eba00000,0x00000000eba00000)
  from space 4096K, 73% used [0x00000000ebe00000,0x00000000ec0f4020,0x00000000ec200000)
  to   space 4096K, 0% used [0x00000000eba00000,0x00000000eba00000,0x00000000ebe00000)
 ParOldGen       total 16896K, used 9167K [0x00000000c1600000, 0x00000000c2680000, 0x00000000eb200000)
  object space 16896K, 54% used [0x00000000c1600000,0x00000000c1ef3e58,0x00000000c2680000)
 Metaspace       used 9821K, capacity 10208K, committed 10368K, reserved 1058816K
  class space    used 1056K, capacity 1108K, committed 1152K, reserved 1048576K
Event: 9.785 GC heap after
Heap after GC invocations=19 (full 2):
 PSYoungGen      total 12288K, used 3232K [0x00000000eb200000, 0x00000000ec400000, 0x0000000100000000)
  eden space 8192K, 0% used [0x00000000eb200000,0x00000000eb200000,0x00000000eba00000)
  from space 4096K, 78% used [0x00000000eba00000,0x00000000ebd28030,0x00000000ebe00000)
  to   space 4608K, 0% used [0x00000000ebf80000,0x00000000ebf80000,0x00000000ec400000)
 ParOldGen       total 16896K, used 9175K [0x00000000c1600000, 0x00000000c2680000, 0x00000000eb200000)
  object space 16896K, 54% used [0x00000000c1600000,0x00000000c1ef5e58,0x00000000c2680000)
 Metaspace       used 9821K, capacity 10208K, committed 10368K, reserved 1058816K
  class space    used 1056K, capacity 1108K, committed 1152K, reserved 1048576K
}
Event: 10.177 GC heap before
{Heap before GC invocations=20 (full 2):
 PSYoungGen      total 12288K, used 11424K [0x00000000eb200000, 0x00000000ec400000, 0x0000000100000000)
  eden space 8192K, 100% used [0x00000000eb200000,0x00000000eba00000,0x00000000eba00000)
  from space 4096K, 78% used [0x00000000eba00000,0x00000000ebd28030,0x00000000ebe00000)
  to   space 4608K, 0% used [0x00000000ebf80000,0x00000000ebf80000,0x00000000ec400000)
 ParOldGen       total 16896K, used 9175K [0x00000000c1600000, 0x00000000c2680000, 0x00000000eb200000)
  object space 16896K, 54% used [0x00000000c1600000,0x00000000c1ef5e58,0x00000000c2680000)
 Metaspace       used 10035K, capacity 10432K, committed 10624K, reserved 1058816K
  class space    used 1092K, capacity 1140K, committed 1152K, reserved 1048576K
Event: 10.184 GC heap after
Heap after GC invocations=20 (full 2):
 PSYoungGen      total 13312K, used 3474K [0x00000000eb200000, 0x00000000ec500000, 0x0000000100000000)
  eden space 8704K, 0% used [0x00000000eb200000,0x00000000eb200000,0x00000000eba80000)
  from space 4608K, 75% used [0x00000000ebf80000,0x00000000ec2e4b28,0x00000000ec400000)
  to   space 5120K, 0% used [0x00000000eba80000,0x00000000eba80000,0x00000000ebf80000)
 ParOldGen       total 16896K, used 9175K [0x00000000c1600000, 0x00000000c2680000, 0x00000000eb200000)
  object space 16896K, 54% used [0x00000000c1600000,0x00000000c1ef5e58,0x00000000c2680000)
 Metaspace       used 10035K, capacity 10432K, committed 10624K, reserved 1058816K
  class space    used 1092K, capacity 1140K, committed 1152K, reserved 1048576K
}

